<?xml version="1.0" encoding="UTF-8"?>
<!-- Generated by org.testng.reporters.JUnitReportReporter -->
<testsuite hostname="Droidica" failures="0" tests="5" name="page.tests.TopMenuTestNG" time="5.388" errors="0" timestamp="2019-12-25T20:21:50 CET" skipped="0">
  <testcase classname="page.tests.TopMenuTestNG" name="dog" time="0.598"/>
  <testcase classname="page.tests.TopMenuTestNG" name="cat" time="1.928"/>
  <testcase classname="page.tests.TopMenuTestNG" name="birds" time="1.907"/>
  <testcase classname="page.tests.TopMenuTestNG" name="reptiles" time="0.510"/>
  <testcase classname="page.tests.TopMenuTestNG" name="fish" time="0.445"/>
</testsuite> <!-- page.tests.TopMenuTestNG -->
