<?xml version="1.0" encoding="UTF-8"?>
<!-- Generated by org.testng.reporters.JUnitReportReporter -->
<testsuite hostname="Droidica" failures="0" tests="5" name="page.tests.CenterMenuTestNG" time="7.122" errors="0" timestamp="2019-12-25T20:19:57 CET" skipped="0">
  <testcase classname="page.tests.CenterMenuTestNG" name="dog" time="1.514"/>
  <testcase classname="page.tests.CenterMenuTestNG" name="cat" time="1.962"/>
  <testcase classname="page.tests.CenterMenuTestNG" name="reptiles" time="0.991"/>
  <testcase classname="page.tests.CenterMenuTestNG" name="birds" time="1.730"/>
  <testcase classname="page.tests.CenterMenuTestNG" name="fish" time="0.925"/>
</testsuite> <!-- page.tests.CenterMenuTestNG -->
