<?xml version="1.0" encoding="UTF-8"?>
<!-- Generated by org.testng.reporters.JUnitReportReporter -->
<testsuite hostname="Droidica" failures="0" tests="1" name="page.tests.HomePageNG" time="1.870" errors="0" timestamp="2019-12-26T19:36:38 CET" skipped="0">
  <testcase classname="page.tests.HomePageNG" name="f" time="1.870"/>
</testsuite> <!-- page.tests.HomePageNG -->
